{"C:\\Users\\rimor\\Documents\\GitHub\\BookReader\\src\\components\\common\\ErrorBoundary.tsx": {"path":"C:\\Users\\rimor\\Documents\\GitHub\\BookReader\\src\\components\\common\\ErrorBoundary.tsx","statementMap":{"0":{"start":{"line":35,"column":18},"end":{"line":40,"column":null}},"1":{"start":{"line":42,"column":16},"end":{"line":44,"column":null}},"2":{"start":{"line":15,"column":4},"end":{"line":15,"column":null}},"3":{"start":{"line":16,"column":4},"end":{"line":16,"column":null}},"4":{"start":{"line":20,"column":4},"end":{"line":20,"column":null}},"5":{"start":{"line":24,"column":4},"end":{"line":24,"column":null}},"6":{"start":{"line":28,"column":4},"end":{"line":28,"column":null}},"7":{"start":{"line":32,"column":4},"end":{"line":32,"column":null}},"8":{"start":{"line":36,"column":4},"end":{"line":39,"column":null}},"9":{"start":{"line":37,"column":6},"end":{"line":37,"column":null}},"10":{"start":{"line":38,"column":6},"end":{"line":38,"column":null}},"11":{"start":{"line":43,"column":4},"end":{"line":43,"column":null}},"12":{"start":{"line":47,"column":4},"end":{"line":91,"column":null}},"13":{"start":{"line":48,"column":6},"end":{"line":50,"column":null}},"14":{"start":{"line":49,"column":8},"end":{"line":49,"column":null}},"15":{"start":{"line":52,"column":6},"end":{"line":89,"column":null}},"16":{"start":{"line":82,"column":31},"end":{"line":82,"column":null}},"17":{"start":{"line":93,"column":4},"end":{"line":93,"column":null}}},"fnMap":{"0":{"name":"(anonymous_0)","decl":{"start":{"line":14,"column":2},"end":{"line":14,"column":14}},"loc":{"start":{"line":14,"column":28},"end":{"line":17,"column":null}},"line":14},"1":{"name":"(anonymous_1)","decl":{"start":{"line":19,"column":9},"end":{"line":19,"column":34}},"loc":{"start":{"line":19,"column":55},"end":{"line":21,"column":null}},"line":19},"2":{"name":"(anonymous_2)","decl":{"start":{"line":23,"column":2},"end":{"line":23,"column":20}},"loc":{"start":{"line":23,"column":62},"end":{"line":25,"column":null}},"line":23},"3":{"name":"(anonymous_3)","decl":{"start":{"line":27,"column":2},"end":{"line":27,"column":22}},"loc":{"start":{"line":27,"column":22},"end":{"line":29,"column":null}},"line":27},"4":{"name":"(anonymous_4)","decl":{"start":{"line":31,"column":2},"end":{"line":31,"column":25}},"loc":{"start":{"line":31,"column":25},"end":{"line":33,"column":null}},"line":31},"5":{"name":"(anonymous_5)","decl":{"start":{"line":35,"column":18},"end":{"line":35,"column":19}},"loc":{"start":{"line":35,"column":40},"end":{"line":40,"column":null}},"line":35},"6":{"name":"(anonymous_6)","decl":{"start":{"line":42,"column":16},"end":{"line":42,"column":22}},"loc":{"start":{"line":42,"column":22},"end":{"line":44,"column":null}},"line":42},"7":{"name":"(anonymous_7)","decl":{"start":{"line":46,"column":2},"end":{"line":46,"column":11}},"loc":{"start":{"line":46,"column":11},"end":{"line":94,"column":null}},"line":46},"8":{"name":"(anonymous_8)","decl":{"start":{"line":82,"column":25},"end":{"line":82,"column":31}},"loc":{"start":{"line":82,"column":31},"end":{"line":82,"column":null}},"line":82}},"branchMap":{"0":{"loc":{"start":{"line":36,"column":4},"end":{"line":39,"column":null}},"type":"if","locations":[{"start":{"line":36,"column":4},"end":{"line":39,"column":null}},{"start":{},"end":{}}],"line":36},"1":{"loc":{"start":{"line":36,"column":8},"end":{"line":36,"column":51}},"type":"binary-expr","locations":[{"start":{"line":36,"column":8},"end":{"line":36,"column":30}},{"start":{"line":36,"column":30},"end":{"line":36,"column":51}}],"line":36},"2":{"loc":{"start":{"line":47,"column":4},"end":{"line":91,"column":null}},"type":"if","locations":[{"start":{"line":47,"column":4},"end":{"line":91,"column":null}},{"start":{},"end":{}}],"line":47},"3":{"loc":{"start":{"line":48,"column":6},"end":{"line":50,"column":null}},"type":"if","locations":[{"start":{"line":48,"column":6},"end":{"line":50,"column":null}},{"start":{},"end":{}}],"line":48},"4":{"loc":{"start":{"line":72,"column":15},"end":{"line":72,"column":null}},"type":"binary-expr","locations":[{"start":{"line":72,"column":15},"end":{"line":72,"column":44}},{"start":{"line":72,"column":44},"end":{"line":72,"column":null}}],"line":72}},"s":{"0":1,"1":2,"2":19,"3":19,"4":18,"5":9,"6":10,"7":10,"8":1,"9":1,"10":1,"11":2,"12":39,"13":18,"14":0,"15":18,"16":0,"17":21},"f":{"0":19,"1":18,"2":9,"3":10,"4":10,"5":1,"6":2,"7":39,"8":0},"b":{"0":[1,0],"1":[1,1],"2":[18,21],"3":[0,18],"4":[18,2]},"meta":{"lastBranch":5,"lastFunction":9,"lastStatement":18,"seen":{"s:35:18:40:Infinity":0,"s:42:16:44:Infinity":1,"f:14:2:14:14":0,"s:15:4:15:Infinity":2,"s:16:4:16:Infinity":3,"f:19:9:19:34":1,"s:20:4:20:Infinity":4,"f:23:2:23:20":2,"s:24:4:24:Infinity":5,"f:27:2:27:22":3,"s:28:4:28:Infinity":6,"f:31:2:31:25":4,"s:32:4:32:Infinity":7,"f:35:18:35:19":5,"b:36:4:39:Infinity:undefined:undefined:undefined:undefined":0,"s:36:4:39:Infinity":8,"b:36:8:36:30:36:30:36:51":1,"s:37:6:37:Infinity":9,"s:38:6:38:Infinity":10,"f:42:16:42:22":6,"s:43:4:43:Infinity":11,"f:46:2:46:11":7,"b:47:4:91:Infinity:undefined:undefined:undefined:undefined":2,"s:47:4:91:Infinity":12,"b:48:6:50:Infinity:undefined:undefined:undefined:undefined":3,"s:48:6:50:Infinity":13,"s:49:8:49:Infinity":14,"s:52:6:89:Infinity":15,"b:72:15:72:44:72:44:72:Infinity":4,"f:82:25:82:31":8,"s:82:31:82:Infinity":16,"s:93:4:93:Infinity":17}}}
,"C:\\Users\\rimor\\Documents\\GitHub\\BookReader\\src\\components\\library\\BookCard.tsx": {"path":"C:\\Users\\rimor\\Documents\\GitHub\\BookReader\\src\\components\\library\\BookCard.tsx","statementMap":{"0":{"start":{"line":13,"column":2},"end":{"line":47,"column":null}},"1":{"start":{"line":14,"column":4},"end":{"line":45,"column":null}},"2":{"start":{"line":50,"column":2},"end":{"line":84,"column":null}}},"fnMap":{"0":{"name":"BookCard","decl":{"start":{"line":12,"column":16},"end":{"line":12,"column":25}},"loc":{"start":{"line":12,"column":84},"end":{"line":86,"column":null}},"line":12}},"branchMap":{"0":{"loc":{"start":{"line":13,"column":2},"end":{"line":47,"column":null}},"type":"if","locations":[{"start":{"line":13,"column":2},"end":{"line":47,"column":null}},{"start":{},"end":{}}],"line":13},"1":{"loc":{"start":{"line":22,"column":11},"end":{"line":31,"column":null}},"type":"cond-expr","locations":[{"start":{"line":23,"column":12},"end":{"line":27,"column":null}},{"start":{"line":29,"column":12},"end":{"line":31,"column":null}}],"line":22},"2":{"loc":{"start":{"line":43,"column":11},"end":{"line":43,"column":null}},"type":"binary-expr","locations":[{"start":{"line":43,"column":11},"end":{"line":43,"column":30}},{"start":{"line":43,"column":16},"end":{"line":43,"column":null}}],"line":43},"3":{"loc":{"start":{"line":58,"column":9},"end":{"line":70,"column":null}},"type":"cond-expr","locations":[{"start":{"line":59,"column":10},"end":{"line":63,"column":null}},{"start":{"line":65,"column":10},"end":{"line":70,"column":null}}],"line":58},"4":{"loc":{"start":{"line":78,"column":9},"end":{"line":81,"column":null}},"type":"binary-expr","locations":[{"start":{"line":78,"column":9},"end":{"line":78,"column":null}},{"start":{"line":79,"column":10},"end":{"line":81,"column":null}}],"line":78}},"s":{"0":18,"1":5,"2":13},"f":{"0":18},"b":{"0":[5,13],"1":[4,1],"2":[5,5],"3":[12,1],"4":[18,12]},"meta":{"lastBranch":5,"lastFunction":1,"lastStatement":3,"seen":{"f:12:16:12:25":0,"b:13:2:47:Infinity:undefined:undefined:undefined:undefined":0,"s:13:2:47:Infinity":0,"s:14:4:45:Infinity":1,"b:23:12:27:Infinity:29:12:31:Infinity":1,"b:43:11:43:30:43:16:43:Infinity":2,"s:50:2:84:Infinity":2,"b:59:10:63:Infinity:65:10:70:Infinity":3,"b:78:9:78:Infinity:79:10:81:Infinity":4}}}
,"C:\\Users\\rimor\\Documents\\GitHub\\BookReader\\src\\stores\\libraryStore.ts": {"path":"C:\\Users\\rimor\\Documents\\GitHub\\BookReader\\src\\stores\\libraryStore.ts","statementMap":{"0":{"start":{"line":34,"column":13},"end":{"line":211,"column":null}},"1":{"start":{"line":36,"column":19},"end":{"line":206,"column":null}},"2":{"start":{"line":43,"column":27},"end":{"line":52,"column":null}},"3":{"start":{"line":53,"column":8},"end":{"line":53,"column":null}},"4":{"start":{"line":53,"column":24},"end":{"line":53,"column":58}},"5":{"start":{"line":54,"column":8},"end":{"line":54,"column":null}},"6":{"start":{"line":58,"column":8},"end":{"line":62,"column":null}},"7":{"start":{"line":58,"column":24},"end":{"line":62,"column":10}},"8":{"start":{"line":60,"column":12},"end":{"line":60,"column":null}},"9":{"start":{"line":66,"column":8},"end":{"line":73,"column":null}},"10":{"start":{"line":66,"column":24},"end":{"line":73,"column":10}},"11":{"start":{"line":67,"column":46},"end":{"line":67,"column":60}},"12":{"start":{"line":68,"column":51},"end":{"line":68,"column":66}},"13":{"start":{"line":69,"column":62},"end":{"line":72,"column":12}},"14":{"start":{"line":71,"column":59},"end":{"line":71,"column":72}},"15":{"start":{"line":77,"column":8},"end":{"line":77,"column":null}},"16":{"start":{"line":77,"column":42},"end":{"line":77,"column":56}},"17":{"start":{"line":81,"column":8},"end":{"line":93,"column":null}},"18":{"start":{"line":81,"column":24},"end":{"line":93,"column":10}},"19":{"start":{"line":83,"column":12},"end":{"line":91,"column":null}},"20":{"start":{"line":97,"column":8},"end":{"line":103,"column":null}},"21":{"start":{"line":97,"column":24},"end":{"line":103,"column":10}},"22":{"start":{"line":99,"column":12},"end":{"line":101,"column":null}},"23":{"start":{"line":107,"column":8},"end":{"line":111,"column":null}},"24":{"start":{"line":107,"column":24},"end":{"line":111,"column":10}},"25":{"start":{"line":109,"column":12},"end":{"line":109,"column":null}},"26":{"start":{"line":116,"column":39},"end":{"line":122,"column":null}},"27":{"start":{"line":123,"column":8},"end":{"line":123,"column":null}},"28":{"start":{"line":123,"column":24},"end":{"line":123,"column":76}},"29":{"start":{"line":124,"column":8},"end":{"line":124,"column":null}},"30":{"start":{"line":128,"column":8},"end":{"line":132,"column":null}},"31":{"start":{"line":128,"column":24},"end":{"line":132,"column":10}},"32":{"start":{"line":130,"column":12},"end":{"line":130,"column":null}},"33":{"start":{"line":136,"column":8},"end":{"line":142,"column":null}},"34":{"start":{"line":136,"column":24},"end":{"line":142,"column":10}},"35":{"start":{"line":137,"column":57},"end":{"line":137,"column":70}},"36":{"start":{"line":138,"column":44},"end":{"line":141,"column":12}},"37":{"start":{"line":140,"column":62},"end":{"line":140,"column":72}},"38":{"start":{"line":146,"column":8},"end":{"line":157,"column":null}},"39":{"start":{"line":146,"column":24},"end":{"line":157,"column":10}},"40":{"start":{"line":148,"column":12},"end":{"line":150,"column":null}},"41":{"start":{"line":153,"column":12},"end":{"line":155,"column":null}},"42":{"start":{"line":161,"column":8},"end":{"line":172,"column":null}},"43":{"start":{"line":161,"column":24},"end":{"line":172,"column":10}},"44":{"start":{"line":163,"column":12},"end":{"line":165,"column":null}},"45":{"start":{"line":164,"column":77},"end":{"line":164,"column":97}},"46":{"start":{"line":168,"column":12},"end":{"line":170,"column":null}},"47":{"start":{"line":169,"column":63},"end":{"line":169,"column":77}},"48":{"start":{"line":177,"column":35},"end":{"line":184,"column":null}},"49":{"start":{"line":185,"column":8},"end":{"line":185,"column":null}},"50":{"start":{"line":185,"column":24},"end":{"line":185,"column":70}},"51":{"start":{"line":186,"column":8},"end":{"line":186,"column":null}},"52":{"start":{"line":190,"column":8},"end":{"line":194,"column":null}},"53":{"start":{"line":190,"column":24},"end":{"line":194,"column":10}},"54":{"start":{"line":192,"column":12},"end":{"line":192,"column":null}},"55":{"start":{"line":198,"column":8},"end":{"line":200,"column":null}},"56":{"start":{"line":198,"column":24},"end":{"line":200,"column":10}},"57":{"start":{"line":199,"column":51},"end":{"line":199,"column":62}},"58":{"start":{"line":204,"column":8},"end":{"line":204,"column":null}},"59":{"start":{"line":204,"column":45},"end":{"line":204,"column":64}}},"fnMap":{"0":{"name":"(anonymous_0)","decl":{"start":{"line":36,"column":4},"end":{"line":36,"column":5}},"loc":{"start":{"line":36,"column":19},"end":{"line":206,"column":null}},"line":36},"1":{"name":"(anonymous_1)","decl":{"start":{"line":42,"column":15},"end":{"line":42,"column":16}},"loc":{"start":{"line":42,"column":29},"end":{"line":55,"column":null}},"line":42},"2":{"name":"(anonymous_2)","decl":{"start":{"line":53,"column":12},"end":{"line":53,"column":13}},"loc":{"start":{"line":53,"column":24},"end":{"line":53,"column":58}},"line":53},"3":{"name":"(anonymous_3)","decl":{"start":{"line":57,"column":18},"end":{"line":57,"column":19}},"loc":{"start":{"line":57,"column":35},"end":{"line":63,"column":null}},"line":57},"4":{"name":"(anonymous_4)","decl":{"start":{"line":58,"column":12},"end":{"line":58,"column":13}},"loc":{"start":{"line":58,"column":24},"end":{"line":62,"column":10}},"line":58},"5":{"name":"(anonymous_5)","decl":{"start":{"line":59,"column":33},"end":{"line":59,"column":34}},"loc":{"start":{"line":60,"column":12},"end":{"line":60,"column":null}},"line":60},"6":{"name":"(anonymous_6)","decl":{"start":{"line":65,"column":18},"end":{"line":65,"column":19}},"loc":{"start":{"line":65,"column":26},"end":{"line":74,"column":null}},"line":65},"7":{"name":"(anonymous_7)","decl":{"start":{"line":66,"column":12},"end":{"line":66,"column":13}},"loc":{"start":{"line":66,"column":24},"end":{"line":73,"column":10}},"line":66},"8":{"name":"(anonymous_8)","decl":{"start":{"line":67,"column":36},"end":{"line":67,"column":37}},"loc":{"start":{"line":67,"column":46},"end":{"line":67,"column":60}},"line":67},"9":{"name":"(anonymous_9)","decl":{"start":{"line":68,"column":44},"end":{"line":68,"column":45}},"loc":{"start":{"line":68,"column":51},"end":{"line":68,"column":66}},"line":68},"10":{"name":"(anonymous_10)","decl":{"start":{"line":69,"column":45},"end":{"line":69,"column":46}},"loc":{"start":{"line":69,"column":62},"end":{"line":72,"column":12}},"line":69},"11":{"name":"(anonymous_11)","decl":{"start":{"line":71,"column":47},"end":{"line":71,"column":48}},"loc":{"start":{"line":71,"column":59},"end":{"line":71,"column":72}},"line":71},"12":{"name":"(anonymous_12)","decl":{"start":{"line":76,"column":15},"end":{"line":76,"column":16}},"loc":{"start":{"line":76,"column":23},"end":{"line":78,"column":null}},"line":76},"13":{"name":"(anonymous_13)","decl":{"start":{"line":77,"column":32},"end":{"line":77,"column":33}},"loc":{"start":{"line":77,"column":42},"end":{"line":77,"column":56}},"line":77},"14":{"name":"(anonymous_14)","decl":{"start":{"line":80,"column":29},"end":{"line":80,"column":30}},"loc":{"start":{"line":80,"column":57},"end":{"line":94,"column":null}},"line":80},"15":{"name":"(anonymous_15)","decl":{"start":{"line":81,"column":12},"end":{"line":81,"column":13}},"loc":{"start":{"line":81,"column":24},"end":{"line":93,"column":10}},"line":81},"16":{"name":"(anonymous_16)","decl":{"start":{"line":82,"column":33},"end":{"line":82,"column":34}},"loc":{"start":{"line":83,"column":12},"end":{"line":91,"column":null}},"line":83},"17":{"name":"(anonymous_17)","decl":{"start":{"line":96,"column":25},"end":{"line":96,"column":26}},"loc":{"start":{"line":96,"column":42},"end":{"line":104,"column":null}},"line":96},"18":{"name":"(anonymous_18)","decl":{"start":{"line":97,"column":12},"end":{"line":97,"column":13}},"loc":{"start":{"line":97,"column":24},"end":{"line":103,"column":10}},"line":97},"19":{"name":"(anonymous_19)","decl":{"start":{"line":98,"column":33},"end":{"line":98,"column":34}},"loc":{"start":{"line":99,"column":12},"end":{"line":101,"column":null}},"line":99},"20":{"name":"(anonymous_20)","decl":{"start":{"line":106,"column":21},"end":{"line":106,"column":22}},"loc":{"start":{"line":106,"column":37},"end":{"line":112,"column":null}},"line":106},"21":{"name":"(anonymous_21)","decl":{"start":{"line":107,"column":12},"end":{"line":107,"column":13}},"loc":{"start":{"line":107,"column":24},"end":{"line":111,"column":10}},"line":107},"22":{"name":"(anonymous_22)","decl":{"start":{"line":108,"column":33},"end":{"line":108,"column":34}},"loc":{"start":{"line":109,"column":12},"end":{"line":109,"column":null}},"line":109},"23":{"name":"(anonymous_23)","decl":{"start":{"line":115,"column":24},"end":{"line":115,"column":25}},"loc":{"start":{"line":115,"column":34},"end":{"line":125,"column":null}},"line":115},"24":{"name":"(anonymous_24)","decl":{"start":{"line":123,"column":12},"end":{"line":123,"column":13}},"loc":{"start":{"line":123,"column":24},"end":{"line":123,"column":76}},"line":123},"25":{"name":"(anonymous_25)","decl":{"start":{"line":127,"column":24},"end":{"line":127,"column":25}},"loc":{"start":{"line":127,"column":41},"end":{"line":133,"column":null}},"line":127},"26":{"name":"(anonymous_26)","decl":{"start":{"line":128,"column":12},"end":{"line":128,"column":13}},"loc":{"start":{"line":128,"column":24},"end":{"line":132,"column":10}},"line":128},"27":{"name":"(anonymous_27)","decl":{"start":{"line":129,"column":45},"end":{"line":129,"column":46}},"loc":{"start":{"line":130,"column":12},"end":{"line":130,"column":null}},"line":130},"28":{"name":"(anonymous_28)","decl":{"start":{"line":135,"column":24},"end":{"line":135,"column":25}},"loc":{"start":{"line":135,"column":32},"end":{"line":143,"column":null}},"line":135},"29":{"name":"(anonymous_29)","decl":{"start":{"line":136,"column":12},"end":{"line":136,"column":13}},"loc":{"start":{"line":136,"column":24},"end":{"line":142,"column":10}},"line":136},"30":{"name":"(anonymous_30)","decl":{"start":{"line":137,"column":48},"end":{"line":137,"column":49}},"loc":{"start":{"line":137,"column":57},"end":{"line":137,"column":70}},"line":137},"31":{"name":"(anonymous_31)","decl":{"start":{"line":138,"column":33},"end":{"line":138,"column":34}},"loc":{"start":{"line":138,"column":44},"end":{"line":141,"column":12}},"line":138},"32":{"name":"(anonymous_32)","decl":{"start":{"line":140,"column":53},"end":{"line":140,"column":54}},"loc":{"start":{"line":140,"column":62},"end":{"line":140,"column":72}},"line":140},"33":{"name":"(anonymous_33)","decl":{"start":{"line":145,"column":27},"end":{"line":145,"column":28}},"loc":{"start":{"line":145,"column":53},"end":{"line":158,"column":null}},"line":145},"34":{"name":"(anonymous_34)","decl":{"start":{"line":146,"column":12},"end":{"line":146,"column":13}},"loc":{"start":{"line":146,"column":24},"end":{"line":157,"column":10}},"line":146},"35":{"name":"(anonymous_35)","decl":{"start":{"line":147,"column":33},"end":{"line":147,"column":34}},"loc":{"start":{"line":148,"column":12},"end":{"line":150,"column":null}},"line":148},"36":{"name":"(anonymous_36)","decl":{"start":{"line":152,"column":45},"end":{"line":152,"column":46}},"loc":{"start":{"line":153,"column":12},"end":{"line":155,"column":null}},"line":153},"37":{"name":"(anonymous_37)","decl":{"start":{"line":160,"column":32},"end":{"line":160,"column":33}},"loc":{"start":{"line":160,"column":58},"end":{"line":173,"column":null}},"line":160},"38":{"name":"(anonymous_38)","decl":{"start":{"line":161,"column":12},"end":{"line":161,"column":13}},"loc":{"start":{"line":161,"column":24},"end":{"line":172,"column":10}},"line":161},"39":{"name":"(anonymous_39)","decl":{"start":{"line":162,"column":33},"end":{"line":162,"column":34}},"loc":{"start":{"line":163,"column":12},"end":{"line":165,"column":null}},"line":163},"40":{"name":"(anonymous_40)","decl":{"start":{"line":164,"column":68},"end":{"line":164,"column":69}},"loc":{"start":{"line":164,"column":77},"end":{"line":164,"column":97}},"line":164},"41":{"name":"(anonymous_41)","decl":{"start":{"line":167,"column":45},"end":{"line":167,"column":46}},"loc":{"start":{"line":168,"column":12},"end":{"line":170,"column":null}},"line":168},"42":{"name":"(anonymous_42)","decl":{"start":{"line":169,"column":54},"end":{"line":169,"column":55}},"loc":{"start":{"line":169,"column":63},"end":{"line":169,"column":77}},"line":169},"43":{"name":"(anonymous_43)","decl":{"start":{"line":176,"column":19},"end":{"line":176,"column":20}},"loc":{"start":{"line":176,"column":60},"end":{"line":187,"column":null}},"line":176},"44":{"name":"(anonymous_44)","decl":{"start":{"line":185,"column":12},"end":{"line":185,"column":13}},"loc":{"start":{"line":185,"column":24},"end":{"line":185,"column":70}},"line":185},"45":{"name":"(anonymous_45)","decl":{"start":{"line":189,"column":22},"end":{"line":189,"column":23}},"loc":{"start":{"line":189,"column":39},"end":{"line":195,"column":null}},"line":189},"46":{"name":"(anonymous_46)","decl":{"start":{"line":190,"column":12},"end":{"line":190,"column":13}},"loc":{"start":{"line":190,"column":24},"end":{"line":194,"column":10}},"line":190},"47":{"name":"(anonymous_47)","decl":{"start":{"line":191,"column":41},"end":{"line":191,"column":42}},"loc":{"start":{"line":192,"column":12},"end":{"line":192,"column":null}},"line":192},"48":{"name":"(anonymous_48)","decl":{"start":{"line":197,"column":22},"end":{"line":197,"column":23}},"loc":{"start":{"line":197,"column":30},"end":{"line":201,"column":null}},"line":197},"49":{"name":"(anonymous_49)","decl":{"start":{"line":198,"column":12},"end":{"line":198,"column":13}},"loc":{"start":{"line":198,"column":24},"end":{"line":200,"column":10}},"line":198},"50":{"name":"(anonymous_50)","decl":{"start":{"line":199,"column":44},"end":{"line":199,"column":45}},"loc":{"start":{"line":199,"column":51},"end":{"line":199,"column":62}},"line":199},"51":{"name":"(anonymous_51)","decl":{"start":{"line":203,"column":24},"end":{"line":203,"column":25}},"loc":{"start":{"line":203,"column":36},"end":{"line":205,"column":null}},"line":203},"52":{"name":"(anonymous_52)","decl":{"start":{"line":204,"column":38},"end":{"line":204,"column":39}},"loc":{"start":{"line":204,"column":45},"end":{"line":204,"column":64}},"line":204}},"branchMap":{"0":{"loc":{"start":{"line":60,"column":12},"end":{"line":60,"column":null}},"type":"cond-expr","locations":[{"start":{"line":60,"column":29},"end":{"line":60,"column":55}},{"start":{"line":60,"column":55},"end":{"line":60,"column":null}}],"line":60},"1":{"loc":{"start":{"line":83,"column":12},"end":{"line":91,"column":null}},"type":"cond-expr","locations":[{"start":{"line":84,"column":16},"end":{"line":90,"column":null}},{"start":{"line":91,"column":16},"end":{"line":91,"column":null}}],"line":83},"2":{"loc":{"start":{"line":89,"column":26},"end":{"line":89,"column":null}},"type":"cond-expr","locations":[{"start":{"line":89,"column":59},"end":{"line":89,"column":71}},{"start":{"line":89,"column":71},"end":{"line":89,"column":null}}],"line":89},"3":{"loc":{"start":{"line":99,"column":12},"end":{"line":101,"column":null}},"type":"cond-expr","locations":[{"start":{"line":100,"column":16},"end":{"line":100,"column":null}},{"start":{"line":101,"column":16},"end":{"line":101,"column":null}}],"line":99},"4":{"loc":{"start":{"line":109,"column":12},"end":{"line":109,"column":null}},"type":"cond-expr","locations":[{"start":{"line":109,"column":29},"end":{"line":109,"column":51}},{"start":{"line":109,"column":51},"end":{"line":109,"column":null}}],"line":109},"5":{"loc":{"start":{"line":130,"column":12},"end":{"line":130,"column":null}},"type":"cond-expr","locations":[{"start":{"line":130,"column":28},"end":{"line":130,"column":53}},{"start":{"line":130,"column":53},"end":{"line":130,"column":null}}],"line":130},"6":{"loc":{"start":{"line":148,"column":12},"end":{"line":150,"column":null}},"type":"cond-expr","locations":[{"start":{"line":149,"column":16},"end":{"line":149,"column":null}},{"start":{"line":150,"column":16},"end":{"line":150,"column":null}}],"line":148},"7":{"loc":{"start":{"line":148,"column":12},"end":{"line":148,"column":null}},"type":"binary-expr","locations":[{"start":{"line":148,"column":12},"end":{"line":148,"column":34}},{"start":{"line":148,"column":34},"end":{"line":148,"column":null}}],"line":148},"8":{"loc":{"start":{"line":153,"column":12},"end":{"line":155,"column":null}},"type":"cond-expr","locations":[{"start":{"line":154,"column":16},"end":{"line":154,"column":null}},{"start":{"line":155,"column":16},"end":{"line":155,"column":null}}],"line":153},"9":{"loc":{"start":{"line":153,"column":12},"end":{"line":153,"column":null}},"type":"binary-expr","locations":[{"start":{"line":153,"column":12},"end":{"line":153,"column":39}},{"start":{"line":153,"column":39},"end":{"line":153,"column":null}}],"line":153},"10":{"loc":{"start":{"line":163,"column":12},"end":{"line":165,"column":null}},"type":"cond-expr","locations":[{"start":{"line":164,"column":16},"end":{"line":164,"column":null}},{"start":{"line":165,"column":16},"end":{"line":165,"column":null}}],"line":163},"11":{"loc":{"start":{"line":168,"column":12},"end":{"line":170,"column":null}},"type":"cond-expr","locations":[{"start":{"line":169,"column":16},"end":{"line":169,"column":null}},{"start":{"line":170,"column":16},"end":{"line":170,"column":null}}],"line":168},"12":{"loc":{"start":{"line":192,"column":12},"end":{"line":192,"column":null}},"type":"cond-expr","locations":[{"start":{"line":192,"column":26},"end":{"line":192,"column":49}},{"start":{"line":192,"column":49},"end":{"line":192,"column":null}}],"line":192}},"s":{"0":1,"1":1,"2":28,"3":28,"4":28,"5":28,"6":6,"7":6,"8":6,"9":4,"10":4,"11":3,"12":2,"13":1,"14":1,"15":2,"16":1,"17":5,"18":5,"19":5,"20":2,"21":2,"22":2,"23":3,"24":3,"25":3,"26":11,"27":11,"28":11,"29":11,"30":2,"31":2,"32":1,"33":3,"34":3,"35":2,"36":1,"37":1,"38":6,"39":6,"40":6,"41":6,"42":1,"43":1,"44":1,"45":1,"46":1,"47":1,"48":9,"49":9,"50":9,"51":9,"52":2,"53":2,"54":1,"55":2,"56":2,"57":1,"58":2,"59":3},"f":{"0":1,"1":28,"2":28,"3":6,"4":6,"5":6,"6":4,"7":4,"8":3,"9":2,"10":1,"11":1,"12":2,"13":1,"14":5,"15":5,"16":5,"17":2,"18":2,"19":2,"20":3,"21":3,"22":3,"23":11,"24":11,"25":2,"26":2,"27":1,"28":3,"29":3,"30":2,"31":1,"32":1,"33":6,"34":6,"35":6,"36":6,"37":1,"38":1,"39":1,"40":1,"41":1,"42":1,"43":9,"44":9,"45":2,"46":2,"47":1,"48":2,"49":2,"50":1,"51":2,"52":3},"b":{"0":[4,2],"1":[5,0],"2":[3,2],"3":[2,0],"4":[3,0],"5":[1,0],"6":[5,1],"7":[6,6],"8":[5,1],"9":[6,6],"10":[1,0],"11":[1,0],"12":[1,0]},"meta":{"lastBranch":13,"lastFunction":53,"lastStatement":60,"seen":{"s:34:13:211:Infinity":0,"f:36:4:36:5":0,"s:36:19:206:Infinity":1,"f:42:15:42:16":1,"s:43:27:52:Infinity":2,"s:53:8:53:Infinity":3,"f:53:12:53:13":2,"s:53:24:53:58":4,"s:54:8:54:Infinity":5,"f:57:18:57:19":3,"s:58:8:62:Infinity":6,"f:58:12:58:13":4,"s:58:24:62:10":7,"f:59:33:59:34":5,"s:60:12:60:Infinity":8,"b:60:29:60:55:60:55:60:Infinity":0,"f:65:18:65:19":6,"s:66:8:73:Infinity":9,"f:66:12:66:13":7,"s:66:24:73:10":10,"f:67:36:67:37":8,"s:67:46:67:60":11,"f:68:44:68:45":9,"s:68:51:68:66":12,"f:69:45:69:46":10,"s:69:62:72:12":13,"f:71:47:71:48":11,"s:71:59:71:72":14,"f:76:15:76:16":12,"s:77:8:77:Infinity":15,"f:77:32:77:33":13,"s:77:42:77:56":16,"f:80:29:80:30":14,"s:81:8:93:Infinity":17,"f:81:12:81:13":15,"s:81:24:93:10":18,"f:82:33:82:34":16,"s:83:12:91:Infinity":19,"b:84:16:90:Infinity:91:16:91:Infinity":1,"b:89:59:89:71:89:71:89:Infinity":2,"f:96:25:96:26":17,"s:97:8:103:Infinity":20,"f:97:12:97:13":18,"s:97:24:103:10":21,"f:98:33:98:34":19,"s:99:12:101:Infinity":22,"b:100:16:100:Infinity:101:16:101:Infinity":3,"f:106:21:106:22":20,"s:107:8:111:Infinity":23,"f:107:12:107:13":21,"s:107:24:111:10":24,"f:108:33:108:34":22,"s:109:12:109:Infinity":25,"b:109:29:109:51:109:51:109:Infinity":4,"f:115:24:115:25":23,"s:116:39:122:Infinity":26,"s:123:8:123:Infinity":27,"f:123:12:123:13":24,"s:123:24:123:76":28,"s:124:8:124:Infinity":29,"f:127:24:127:25":25,"s:128:8:132:Infinity":30,"f:128:12:128:13":26,"s:128:24:132:10":31,"f:129:45:129:46":27,"s:130:12:130:Infinity":32,"b:130:28:130:53:130:53:130:Infinity":5,"f:135:24:135:25":28,"s:136:8:142:Infinity":33,"f:136:12:136:13":29,"s:136:24:142:10":34,"f:137:48:137:49":30,"s:137:57:137:70":35,"f:138:33:138:34":31,"s:138:44:141:12":36,"f:140:53:140:54":32,"s:140:62:140:72":37,"f:145:27:145:28":33,"s:146:8:157:Infinity":38,"f:146:12:146:13":34,"s:146:24:157:10":39,"f:147:33:147:34":35,"s:148:12:150:Infinity":40,"b:149:16:149:Infinity:150:16:150:Infinity":6,"b:148:12:148:34:148:34:148:Infinity":7,"f:152:45:152:46":36,"s:153:12:155:Infinity":41,"b:154:16:154:Infinity:155:16:155:Infinity":8,"b:153:12:153:39:153:39:153:Infinity":9,"f:160:32:160:33":37,"s:161:8:172:Infinity":42,"f:161:12:161:13":38,"s:161:24:172:10":43,"f:162:33:162:34":39,"s:163:12:165:Infinity":44,"b:164:16:164:Infinity:165:16:165:Infinity":10,"f:164:68:164:69":40,"s:164:77:164:97":45,"f:167:45:167:46":41,"s:168:12:170:Infinity":46,"b:169:16:169:Infinity:170:16:170:Infinity":11,"f:169:54:169:55":42,"s:169:63:169:77":47,"f:176:19:176:20":43,"s:177:35:184:Infinity":48,"s:185:8:185:Infinity":49,"f:185:12:185:13":44,"s:185:24:185:70":50,"s:186:8:186:Infinity":51,"f:189:22:189:23":45,"s:190:8:194:Infinity":52,"f:190:12:190:13":46,"s:190:24:194:10":53,"f:191:41:191:42":47,"s:192:12:192:Infinity":54,"b:192:26:192:49:192:49:192:Infinity":12,"f:197:22:197:23":48,"s:198:8:200:Infinity":55,"f:198:12:198:13":49,"s:198:24:200:10":56,"f:199:44:199:45":50,"s:199:51:199:62":57,"f:203:24:203:25":51,"s:204:8:204:Infinity":58,"f:204:38:204:39":52,"s:204:45:204:64":59}}}
,"C:\\Users\\rimor\\Documents\\GitHub\\BookReader\\src\\stores\\readerStore.ts": {"path":"C:\\Users\\rimor\\Documents\\GitHub\\BookReader\\src\\stores\\readerStore.ts","statementMap":{"0":{"start":{"line":64,"column":21},"end":{"line":82,"column":null}},"1":{"start":{"line":84,"column":13},"end":{"line":126,"column":null}},"2":{"start":{"line":84,"column":65},"end":{"line":126,"column":2}},"3":{"start":{"line":87,"column":28},"end":{"line":87,"column":null}},"4":{"start":{"line":88,"column":29},"end":{"line":88,"column":null}},"5":{"start":{"line":89,"column":23},"end":{"line":89,"column":null}},"6":{"start":{"line":92,"column":4},"end":{"line":97,"column":null}},"7":{"start":{"line":100,"column":41},"end":{"line":100,"column":null}},"8":{"start":{"line":101,"column":41},"end":{"line":101,"column":null}},"9":{"start":{"line":103,"column":18},"end":{"line":103,"column":null}},"10":{"start":{"line":103,"column":34},"end":{"line":103,"column":70}},"11":{"start":{"line":104,"column":16},"end":{"line":104,"column":null}},"12":{"start":{"line":105,"column":16},"end":{"line":105,"column":null}},"13":{"start":{"line":107,"column":29},"end":{"line":107,"column":null}},"14":{"start":{"line":108,"column":39},"end":{"line":108,"column":null}},"15":{"start":{"line":109,"column":41},"end":{"line":109,"column":null}},"16":{"start":{"line":110,"column":35},"end":{"line":110,"column":null}},"17":{"start":{"line":112,"column":35},"end":{"line":112,"column":null}},"18":{"start":{"line":113,"column":39},"end":{"line":113,"column":null}},"19":{"start":{"line":114,"column":21},"end":{"line":114,"column":null}},"20":{"start":{"line":116,"column":22},"end":{"line":116,"column":null}},"21":{"start":{"line":118,"column":33},"end":{"line":118,"column":null}},"22":{"start":{"line":119,"column":4},"end":{"line":119,"column":null}},"23":{"start":{"line":119,"column":27},"end":{"line":119,"column":null}},"24":{"start":{"line":120,"column":21},"end":{"line":120,"column":null}},"25":{"start":{"line":121,"column":4},"end":{"line":121,"column":null}},"26":{"start":{"line":122,"column":4},"end":{"line":122,"column":null}},"27":{"start":{"line":125,"column":15},"end":{"line":125,"column":null}}},"fnMap":{"0":{"name":"(anonymous_0)","decl":{"start":{"line":84,"column":50},"end":{"line":84,"column":51}},"loc":{"start":{"line":84,"column":65},"end":{"line":126,"column":2}},"line":84},"1":{"name":"(anonymous_1)","decl":{"start":{"line":87,"column":18},"end":{"line":87,"column":19}},"loc":{"start":{"line":87,"column":28},"end":{"line":87,"column":null}},"line":87},"2":{"name":"(anonymous_2)","decl":{"start":{"line":88,"column":14},"end":{"line":88,"column":15}},"loc":{"start":{"line":88,"column":29},"end":{"line":88,"column":null}},"line":88},"3":{"name":"(anonymous_3)","decl":{"start":{"line":89,"column":12},"end":{"line":89,"column":13}},"loc":{"start":{"line":89,"column":23},"end":{"line":89,"column":null}},"line":89},"4":{"name":"(anonymous_4)","decl":{"start":{"line":91,"column":18},"end":{"line":91,"column":19}},"loc":{"start":{"line":91,"column":60},"end":{"line":98,"column":null}},"line":91},"5":{"name":"(anonymous_5)","decl":{"start":{"line":100,"column":21},"end":{"line":100,"column":22}},"loc":{"start":{"line":100,"column":41},"end":{"line":100,"column":null}},"line":100},"6":{"name":"(anonymous_6)","decl":{"start":{"line":101,"column":21},"end":{"line":101,"column":22}},"loc":{"start":{"line":101,"column":41},"end":{"line":101,"column":null}},"line":101},"7":{"name":"(anonymous_7)","decl":{"start":{"line":103,"column":12},"end":{"line":103,"column":18}},"loc":{"start":{"line":103,"column":18},"end":{"line":103,"column":null}},"line":103},"8":{"name":"(anonymous_8)","decl":{"start":{"line":103,"column":22},"end":{"line":103,"column":23}},"loc":{"start":{"line":103,"column":34},"end":{"line":103,"column":70}},"line":103},"9":{"name":"(anonymous_9)","decl":{"start":{"line":104,"column":10},"end":{"line":104,"column":16}},"loc":{"start":{"line":104,"column":16},"end":{"line":104,"column":null}},"line":104},"10":{"name":"(anonymous_10)","decl":{"start":{"line":105,"column":10},"end":{"line":105,"column":16}},"loc":{"start":{"line":105,"column":16},"end":{"line":105,"column":null}},"line":105},"11":{"name":"(anonymous_11)","decl":{"start":{"line":107,"column":14},"end":{"line":107,"column":15}},"loc":{"start":{"line":107,"column":29},"end":{"line":107,"column":null}},"line":107},"12":{"name":"(anonymous_12)","decl":{"start":{"line":108,"column":19},"end":{"line":108,"column":20}},"loc":{"start":{"line":108,"column":39},"end":{"line":108,"column":null}},"line":108},"13":{"name":"(anonymous_13)","decl":{"start":{"line":109,"column":20},"end":{"line":109,"column":21}},"loc":{"start":{"line":109,"column":41},"end":{"line":109,"column":null}},"line":109},"14":{"name":"(anonymous_14)","decl":{"start":{"line":110,"column":17},"end":{"line":110,"column":18}},"loc":{"start":{"line":110,"column":35},"end":{"line":110,"column":null}},"line":110},"15":{"name":"(anonymous_15)","decl":{"start":{"line":112,"column":18},"end":{"line":112,"column":19}},"loc":{"start":{"line":112,"column":35},"end":{"line":112,"column":null}},"line":112},"16":{"name":"(anonymous_16)","decl":{"start":{"line":113,"column":20},"end":{"line":113,"column":21}},"loc":{"start":{"line":113,"column":39},"end":{"line":113,"column":null}},"line":113},"17":{"name":"(anonymous_17)","decl":{"start":{"line":114,"column":15},"end":{"line":114,"column":21}},"loc":{"start":{"line":114,"column":21},"end":{"line":114,"column":null}},"line":114},"18":{"name":"(anonymous_18)","decl":{"start":{"line":116,"column":16},"end":{"line":116,"column":22}},"loc":{"start":{"line":116,"column":22},"end":{"line":116,"column":null}},"line":116},"19":{"name":"(anonymous_19)","decl":{"start":{"line":117,"column":14},"end":{"line":117,"column":20}},"loc":{"start":{"line":117,"column":20},"end":{"line":123,"column":null}},"line":117},"20":{"name":"(anonymous_20)","decl":{"start":{"line":125,"column":9},"end":{"line":125,"column":15}},"loc":{"start":{"line":125,"column":15},"end":{"line":125,"column":null}},"line":125}},"branchMap":{"0":{"loc":{"start":{"line":119,"column":4},"end":{"line":119,"column":null}},"type":"if","locations":[{"start":{"line":119,"column":4},"end":{"line":119,"column":null}},{"start":{},"end":{}}],"line":119}},"s":{"0":1,"1":1,"2":1,"3":3,"4":3,"5":3,"6":6,"7":2,"8":4,"9":102,"10":102,"11":1,"12":2,"13":3,"14":2,"15":2,"16":2,"17":3,"18":3,"19":1,"20":5,"21":2,"22":2,"23":1,"24":1,"25":1,"26":1,"27":1},"f":{"0":1,"1":3,"2":3,"3":3,"4":6,"5":2,"6":4,"7":102,"8":102,"9":1,"10":2,"11":3,"12":2,"13":2,"14":2,"15":3,"16":3,"17":1,"18":5,"19":2,"20":1},"b":{"0":[1,1]},"meta":{"lastBranch":1,"lastFunction":21,"lastStatement":28,"seen":{"s:64:21:82:Infinity":0,"s:84:13:126:Infinity":1,"f:84:50:84:51":0,"s:84:65:126:2":2,"f:87:18:87:19":1,"s:87:28:87:Infinity":3,"f:88:14:88:15":2,"s:88:29:88:Infinity":4,"f:89:12:89:13":3,"s:89:23:89:Infinity":5,"f:91:18:91:19":4,"s:92:4:97:Infinity":6,"f:100:21:100:22":5,"s:100:41:100:Infinity":7,"f:101:21:101:22":6,"s:101:41:101:Infinity":8,"f:103:12:103:18":7,"s:103:18:103:Infinity":9,"f:103:22:103:23":8,"s:103:34:103:70":10,"f:104:10:104:16":9,"s:104:16:104:Infinity":11,"f:105:10:105:16":10,"s:105:16:105:Infinity":12,"f:107:14:107:15":11,"s:107:29:107:Infinity":13,"f:108:19:108:20":12,"s:108:39:108:Infinity":14,"f:109:20:109:21":13,"s:109:41:109:Infinity":15,"f:110:17:110:18":14,"s:110:35:110:Infinity":16,"f:112:18:112:19":15,"s:112:35:112:Infinity":17,"f:113:20:113:21":16,"s:113:39:113:Infinity":18,"f:114:15:114:21":17,"s:114:21:114:Infinity":19,"f:116:16:116:22":18,"s:116:22:116:Infinity":20,"f:117:14:117:20":19,"s:118:33:118:Infinity":21,"b:119:4:119:Infinity:undefined:undefined:undefined:undefined":0,"s:119:4:119:Infinity":22,"s:119:27:119:Infinity":23,"s:120:21:120:Infinity":24,"s:121:4:121:Infinity":25,"s:122:4:122:Infinity":26,"f:125:9:125:15":20,"s:125:15:125:Infinity":27}}}
,"C:\\Users\\rimor\\Documents\\GitHub\\BookReader\\src\\stores\\settingsStore.ts": {"path":"C:\\Users\\rimor\\Documents\\GitHub\\BookReader\\src\\stores\\settingsStore.ts","statementMap":{"0":{"start":{"line":41,"column":13},"end":{"line":256,"column":null}},"1":{"start":{"line":43,"column":14},"end":{"line":245,"column":null}},"2":{"start":{"line":48,"column":8},"end":{"line":53,"column":null}},"3":{"start":{"line":48,"column":24},"end":{"line":53,"column":10}},"4":{"start":{"line":55,"column":8},"end":{"line":55,"column":null}},"5":{"start":{"line":59,"column":8},"end":{"line":64,"column":null}},"6":{"start":{"line":59,"column":24},"end":{"line":64,"column":10}},"7":{"start":{"line":68,"column":8},"end":{"line":73,"column":null}},"8":{"start":{"line":68,"column":24},"end":{"line":73,"column":10}},"9":{"start":{"line":77,"column":8},"end":{"line":82,"column":null}},"10":{"start":{"line":77,"column":24},"end":{"line":82,"column":10}},"11":{"start":{"line":86,"column":8},"end":{"line":91,"column":null}},"12":{"start":{"line":86,"column":24},"end":{"line":91,"column":10}},"13":{"start":{"line":95,"column":8},"end":{"line":100,"column":null}},"14":{"start":{"line":95,"column":24},"end":{"line":100,"column":10}},"15":{"start":{"line":104,"column":8},"end":{"line":109,"column":null}},"16":{"start":{"line":104,"column":24},"end":{"line":109,"column":10}},"17":{"start":{"line":113,"column":8},"end":{"line":118,"column":null}},"18":{"start":{"line":113,"column":24},"end":{"line":118,"column":10}},"19":{"start":{"line":122,"column":8},"end":{"line":127,"column":null}},"20":{"start":{"line":122,"column":24},"end":{"line":127,"column":10}},"21":{"start":{"line":131,"column":8},"end":{"line":136,"column":null}},"22":{"start":{"line":131,"column":24},"end":{"line":136,"column":10}},"23":{"start":{"line":140,"column":8},"end":{"line":145,"column":null}},"24":{"start":{"line":140,"column":24},"end":{"line":145,"column":10}},"25":{"start":{"line":149,"column":8},"end":{"line":154,"column":null}},"26":{"start":{"line":149,"column":24},"end":{"line":154,"column":10}},"27":{"start":{"line":158,"column":8},"end":{"line":163,"column":null}},"28":{"start":{"line":158,"column":24},"end":{"line":163,"column":10}},"29":{"start":{"line":167,"column":8},"end":{"line":172,"column":null}},"30":{"start":{"line":167,"column":24},"end":{"line":172,"column":10}},"31":{"start":{"line":177,"column":8},"end":{"line":182,"column":null}},"32":{"start":{"line":177,"column":24},"end":{"line":182,"column":10}},"33":{"start":{"line":186,"column":8},"end":{"line":191,"column":null}},"34":{"start":{"line":186,"column":24},"end":{"line":191,"column":10}},"35":{"start":{"line":195,"column":8},"end":{"line":200,"column":null}},"36":{"start":{"line":195,"column":24},"end":{"line":200,"column":10}},"37":{"start":{"line":205,"column":19},"end":{"line":205,"column":null}},"38":{"start":{"line":206,"column":8},"end":{"line":211,"column":null}},"39":{"start":{"line":206,"column":24},"end":{"line":211,"column":10}},"40":{"start":{"line":215,"column":8},"end":{"line":222,"column":null}},"41":{"start":{"line":215,"column":24},"end":{"line":222,"column":10}},"42":{"start":{"line":219,"column":14},"end":{"line":219,"column":null}},"43":{"start":{"line":226,"column":8},"end":{"line":231,"column":null}},"44":{"start":{"line":226,"column":24},"end":{"line":231,"column":10}},"45":{"start":{"line":229,"column":68},"end":{"line":229,"column":79}},"46":{"start":{"line":236,"column":8},"end":{"line":238,"column":null}},"47":{"start":{"line":236,"column":24},"end":{"line":238,"column":10}},"48":{"start":{"line":242,"column":8},"end":{"line":242,"column":null}},"49":{"start":{"line":243,"column":8},"end":{"line":243,"column":null}},"50":{"start":{"line":248,"column":32},"end":{"line":253,"column":null}},"51":{"start":{"line":250,"column":8},"end":{"line":252,"column":null}},"52":{"start":{"line":251,"column":10},"end":{"line":251,"column":null}}},"fnMap":{"0":{"name":"(anonymous_0)","decl":{"start":{"line":43,"column":4},"end":{"line":43,"column":5}},"loc":{"start":{"line":43,"column":14},"end":{"line":245,"column":null}},"line":43},"1":{"name":"(anonymous_1)","decl":{"start":{"line":47,"column":16},"end":{"line":47,"column":17}},"loc":{"start":{"line":47,"column":27},"end":{"line":56,"column":null}},"line":47},"2":{"name":"(anonymous_2)","decl":{"start":{"line":48,"column":12},"end":{"line":48,"column":13}},"loc":{"start":{"line":48,"column":24},"end":{"line":53,"column":10}},"line":48},"3":{"name":"(anonymous_3)","decl":{"start":{"line":58,"column":21},"end":{"line":58,"column":22}},"loc":{"start":{"line":58,"column":37},"end":{"line":65,"column":null}},"line":58},"4":{"name":"(anonymous_4)","decl":{"start":{"line":59,"column":12},"end":{"line":59,"column":13}},"loc":{"start":{"line":59,"column":24},"end":{"line":64,"column":10}},"line":59},"5":{"name":"(anonymous_5)","decl":{"start":{"line":67,"column":19},"end":{"line":67,"column":20}},"loc":{"start":{"line":67,"column":33},"end":{"line":74,"column":null}},"line":67},"6":{"name":"(anonymous_6)","decl":{"start":{"line":68,"column":12},"end":{"line":68,"column":13}},"loc":{"start":{"line":68,"column":24},"end":{"line":73,"column":10}},"line":68},"7":{"name":"(anonymous_7)","decl":{"start":{"line":76,"column":21},"end":{"line":76,"column":22}},"loc":{"start":{"line":76,"column":37},"end":{"line":83,"column":null}},"line":76},"8":{"name":"(anonymous_8)","decl":{"start":{"line":77,"column":12},"end":{"line":77,"column":13}},"loc":{"start":{"line":77,"column":24},"end":{"line":82,"column":10}},"line":77},"9":{"name":"(anonymous_9)","decl":{"start":{"line":85,"column":24},"end":{"line":85,"column":25}},"loc":{"start":{"line":85,"column":43},"end":{"line":92,"column":null}},"line":85},"10":{"name":"(anonymous_10)","decl":{"start":{"line":86,"column":12},"end":{"line":86,"column":13}},"loc":{"start":{"line":86,"column":24},"end":{"line":91,"column":10}},"line":86},"11":{"name":"(anonymous_11)","decl":{"start":{"line":94,"column":20},"end":{"line":94,"column":21}},"loc":{"start":{"line":94,"column":35},"end":{"line":101,"column":null}},"line":94},"12":{"name":"(anonymous_12)","decl":{"start":{"line":95,"column":12},"end":{"line":95,"column":13}},"loc":{"start":{"line":95,"column":24},"end":{"line":100,"column":10}},"line":95},"13":{"name":"(anonymous_13)","decl":{"start":{"line":103,"column":18},"end":{"line":103,"column":19}},"loc":{"start":{"line":103,"column":56},"end":{"line":110,"column":null}},"line":103},"14":{"name":"(anonymous_14)","decl":{"start":{"line":104,"column":12},"end":{"line":104,"column":13}},"loc":{"start":{"line":104,"column":24},"end":{"line":109,"column":10}},"line":104},"15":{"name":"(anonymous_15)","decl":{"start":{"line":112,"column":19},"end":{"line":112,"column":20}},"loc":{"start":{"line":112,"column":33},"end":{"line":119,"column":null}},"line":112},"16":{"name":"(anonymous_16)","decl":{"start":{"line":113,"column":12},"end":{"line":113,"column":13}},"loc":{"start":{"line":113,"column":24},"end":{"line":118,"column":10}},"line":113},"17":{"name":"(anonymous_17)","decl":{"start":{"line":121,"column":27},"end":{"line":121,"column":28}},"loc":{"start":{"line":121,"column":49},"end":{"line":128,"column":null}},"line":121},"18":{"name":"(anonymous_18)","decl":{"start":{"line":122,"column":12},"end":{"line":122,"column":13}},"loc":{"start":{"line":122,"column":24},"end":{"line":127,"column":10}},"line":122},"19":{"name":"(anonymous_19)","decl":{"start":{"line":130,"column":24},"end":{"line":130,"column":25}},"loc":{"start":{"line":130,"column":43},"end":{"line":137,"column":null}},"line":130},"20":{"name":"(anonymous_20)","decl":{"start":{"line":131,"column":12},"end":{"line":131,"column":13}},"loc":{"start":{"line":131,"column":24},"end":{"line":136,"column":10}},"line":131},"21":{"name":"(anonymous_21)","decl":{"start":{"line":139,"column":19},"end":{"line":139,"column":20}},"loc":{"start":{"line":139,"column":33},"end":{"line":146,"column":null}},"line":139},"22":{"name":"(anonymous_22)","decl":{"start":{"line":140,"column":12},"end":{"line":140,"column":13}},"loc":{"start":{"line":140,"column":24},"end":{"line":145,"column":10}},"line":140},"23":{"name":"(anonymous_23)","decl":{"start":{"line":148,"column":23},"end":{"line":148,"column":24}},"loc":{"start":{"line":148,"column":41},"end":{"line":155,"column":null}},"line":148},"24":{"name":"(anonymous_24)","decl":{"start":{"line":149,"column":12},"end":{"line":149,"column":13}},"loc":{"start":{"line":149,"column":24},"end":{"line":154,"column":10}},"line":149},"25":{"name":"(anonymous_25)","decl":{"start":{"line":157,"column":24},"end":{"line":157,"column":25}},"loc":{"start":{"line":157,"column":43},"end":{"line":164,"column":null}},"line":157},"26":{"name":"(anonymous_26)","decl":{"start":{"line":158,"column":12},"end":{"line":158,"column":13}},"loc":{"start":{"line":158,"column":24},"end":{"line":163,"column":10}},"line":158},"27":{"name":"(anonymous_27)","decl":{"start":{"line":166,"column":28},"end":{"line":166,"column":29}},"loc":{"start":{"line":166,"column":41},"end":{"line":173,"column":null}},"line":166},"28":{"name":"(anonymous_28)","decl":{"start":{"line":167,"column":12},"end":{"line":167,"column":13}},"loc":{"start":{"line":167,"column":24},"end":{"line":172,"column":10}},"line":167},"29":{"name":"(anonymous_29)","decl":{"start":{"line":176,"column":24},"end":{"line":176,"column":25}},"loc":{"start":{"line":176,"column":36},"end":{"line":183,"column":null}},"line":176},"30":{"name":"(anonymous_30)","decl":{"start":{"line":177,"column":12},"end":{"line":177,"column":13}},"loc":{"start":{"line":177,"column":24},"end":{"line":182,"column":10}},"line":177},"31":{"name":"(anonymous_31)","decl":{"start":{"line":185,"column":27},"end":{"line":185,"column":28}},"loc":{"start":{"line":185,"column":42},"end":{"line":192,"column":null}},"line":185},"32":{"name":"(anonymous_32)","decl":{"start":{"line":186,"column":12},"end":{"line":186,"column":13}},"loc":{"start":{"line":186,"column":24},"end":{"line":191,"column":10}},"line":186},"33":{"name":"(anonymous_33)","decl":{"start":{"line":194,"column":26},"end":{"line":194,"column":27}},"loc":{"start":{"line":194,"column":40},"end":{"line":201,"column":null}},"line":194},"34":{"name":"(anonymous_34)","decl":{"start":{"line":195,"column":12},"end":{"line":195,"column":13}},"loc":{"start":{"line":195,"column":24},"end":{"line":200,"column":10}},"line":195},"35":{"name":"(anonymous_35)","decl":{"start":{"line":204,"column":22},"end":{"line":204,"column":23}},"loc":{"start":{"line":204,"column":33},"end":{"line":212,"column":null}},"line":204},"36":{"name":"(anonymous_36)","decl":{"start":{"line":206,"column":12},"end":{"line":206,"column":13}},"loc":{"start":{"line":206,"column":24},"end":{"line":211,"column":10}},"line":206},"37":{"name":"(anonymous_37)","decl":{"start":{"line":214,"column":25},"end":{"line":214,"column":26}},"loc":{"start":{"line":214,"column":42},"end":{"line":223,"column":null}},"line":214},"38":{"name":"(anonymous_38)","decl":{"start":{"line":215,"column":12},"end":{"line":215,"column":13}},"loc":{"start":{"line":215,"column":24},"end":{"line":222,"column":10}},"line":215},"39":{"name":"(anonymous_39)","decl":{"start":{"line":218,"column":58},"end":{"line":218,"column":59}},"loc":{"start":{"line":219,"column":14},"end":{"line":219,"column":null}},"line":219},"40":{"name":"(anonymous_40)","decl":{"start":{"line":225,"column":25},"end":{"line":225,"column":26}},"loc":{"start":{"line":225,"column":33},"end":{"line":232,"column":null}},"line":225},"41":{"name":"(anonymous_41)","decl":{"start":{"line":226,"column":12},"end":{"line":226,"column":13}},"loc":{"start":{"line":226,"column":24},"end":{"line":231,"column":10}},"line":226},"42":{"name":"(anonymous_42)","decl":{"start":{"line":229,"column":61},"end":{"line":229,"column":62}},"loc":{"start":{"line":229,"column":68},"end":{"line":229,"column":79}},"line":229},"43":{"name":"(anonymous_43)","decl":{"start":{"line":235,"column":26},"end":{"line":235,"column":27}},"loc":{"start":{"line":235,"column":47},"end":{"line":239,"column":null}},"line":235},"44":{"name":"(anonymous_44)","decl":{"start":{"line":236,"column":12},"end":{"line":236,"column":13}},"loc":{"start":{"line":236,"column":24},"end":{"line":238,"column":10}},"line":236},"45":{"name":"(anonymous_45)","decl":{"start":{"line":241,"column":23},"end":{"line":241,"column":29}},"loc":{"start":{"line":241,"column":29},"end":{"line":244,"column":null}},"line":241},"46":{"name":"(anonymous_46)","decl":{"start":{"line":248,"column":26},"end":{"line":248,"column":32}},"loc":{"start":{"line":248,"column":32},"end":{"line":253,"column":null}},"line":248},"47":{"name":"(anonymous_47)","decl":{"start":{"line":248,"column":32},"end":{"line":248,"column":33}},"loc":{"start":{"line":248,"column":43},"end":{"line":253,"column":null}},"line":248}},"branchMap":{"0":{"loc":{"start":{"line":219,"column":14},"end":{"line":219,"column":null}},"type":"cond-expr","locations":[{"start":{"line":219,"column":28},"end":{"line":219,"column":51}},{"start":{"line":219,"column":51},"end":{"line":219,"column":null}}],"line":219},"1":{"loc":{"start":{"line":250,"column":8},"end":{"line":252,"column":null}},"type":"if","locations":[{"start":{"line":250,"column":8},"end":{"line":252,"column":null}},{"start":{},"end":{}}],"line":250}},"s":{"0":1,"1":1,"2":7,"3":7,"4":7,"5":2,"6":2,"7":6,"8":6,"9":4,"10":4,"11":3,"12":3,"13":2,"14":2,"15":3,"16":3,"17":1,"18":1,"19":1,"20":1,"21":3,"22":3,"23":2,"24":2,"25":2,"26":2,"27":2,"28":2,"29":2,"30":2,"31":6,"32":6,"33":2,"34":2,"35":2,"36":2,"37":7,"38":7,"39":7,"40":2,"41":2,"42":1,"43":3,"44":3,"45":4,"46":2,"47":2,"48":2,"49":2,"50":1,"51":1,"52":1},"f":{"0":1,"1":7,"2":7,"3":2,"4":2,"5":6,"6":6,"7":4,"8":4,"9":3,"10":3,"11":2,"12":2,"13":3,"14":3,"15":1,"16":1,"17":1,"18":1,"19":3,"20":3,"21":2,"22":2,"23":2,"24":2,"25":2,"26":2,"27":2,"28":2,"29":6,"30":6,"31":2,"32":2,"33":2,"34":2,"35":7,"36":7,"37":2,"38":2,"39":1,"40":3,"41":3,"42":4,"43":2,"44":2,"45":2,"46":1,"47":1},"b":{"0":[1,0],"1":[1,0]},"meta":{"lastBranch":2,"lastFunction":48,"lastStatement":53,"seen":{"s:41:13:256:Infinity":0,"f:43:4:43:5":0,"s:43:14:245:Infinity":1,"f:47:16:47:17":1,"s:48:8:53:Infinity":2,"f:48:12:48:13":2,"s:48:24:53:10":3,"s:55:8:55:Infinity":4,"f:58:21:58:22":3,"s:59:8:64:Infinity":5,"f:59:12:59:13":4,"s:59:24:64:10":6,"f:67:19:67:20":5,"s:68:8:73:Infinity":7,"f:68:12:68:13":6,"s:68:24:73:10":8,"f:76:21:76:22":7,"s:77:8:82:Infinity":9,"f:77:12:77:13":8,"s:77:24:82:10":10,"f:85:24:85:25":9,"s:86:8:91:Infinity":11,"f:86:12:86:13":10,"s:86:24:91:10":12,"f:94:20:94:21":11,"s:95:8:100:Infinity":13,"f:95:12:95:13":12,"s:95:24:100:10":14,"f:103:18:103:19":13,"s:104:8:109:Infinity":15,"f:104:12:104:13":14,"s:104:24:109:10":16,"f:112:19:112:20":15,"s:113:8:118:Infinity":17,"f:113:12:113:13":16,"s:113:24:118:10":18,"f:121:27:121:28":17,"s:122:8:127:Infinity":19,"f:122:12:122:13":18,"s:122:24:127:10":20,"f:130:24:130:25":19,"s:131:8:136:Infinity":21,"f:131:12:131:13":20,"s:131:24:136:10":22,"f:139:19:139:20":21,"s:140:8:145:Infinity":23,"f:140:12:140:13":22,"s:140:24:145:10":24,"f:148:23:148:24":23,"s:149:8:154:Infinity":25,"f:149:12:149:13":24,"s:149:24:154:10":26,"f:157:24:157:25":25,"s:158:8:163:Infinity":27,"f:158:12:158:13":26,"s:158:24:163:10":28,"f:166:28:166:29":27,"s:167:8:172:Infinity":29,"f:167:12:167:13":28,"s:167:24:172:10":30,"f:176:24:176:25":29,"s:177:8:182:Infinity":31,"f:177:12:177:13":30,"s:177:24:182:10":32,"f:185:27:185:28":31,"s:186:8:191:Infinity":33,"f:186:12:186:13":32,"s:186:24:191:10":34,"f:194:26:194:27":33,"s:195:8:200:Infinity":35,"f:195:12:195:13":34,"s:195:24:200:10":36,"f:204:22:204:23":35,"s:205:19:205:Infinity":37,"s:206:8:211:Infinity":38,"f:206:12:206:13":36,"s:206:24:211:10":39,"f:214:25:214:26":37,"s:215:8:222:Infinity":40,"f:215:12:215:13":38,"s:215:24:222:10":41,"f:218:58:218:59":39,"s:219:14:219:Infinity":42,"b:219:28:219:51:219:51:219:Infinity":0,"f:225:25:225:26":40,"s:226:8:231:Infinity":43,"f:226:12:226:13":41,"s:226:24:231:10":44,"f:229:61:229:62":42,"s:229:68:229:79":45,"f:235:26:235:27":43,"s:236:8:238:Infinity":46,"f:236:12:236:13":44,"s:236:24:238:10":47,"f:241:23:241:29":45,"s:242:8:242:Infinity":48,"s:243:8:243:Infinity":49,"f:248:26:248:32":46,"s:248:32:253:Infinity":50,"f:248:32:248:33":47,"b:250:8:252:Infinity:undefined:undefined:undefined:undefined":1,"s:250:8:252:Infinity":51,"s:251:10:251:Infinity":52}}}
,"C:\\Users\\rimor\\Documents\\GitHub\\BookReader\\src\\types\\index.ts": {"path":"C:\\Users\\rimor\\Documents\\GitHub\\BookReader\\src\\types\\index.ts","statementMap":{"0":{"start":{"line":89,"column":53},"end":{"line":104,"column":null}},"1":{"start":{"line":106,"column":47},"end":{"line":115,"column":null}},"2":{"start":{"line":117,"column":28},"end":{"line":128,"column":null}}},"fnMap":{},"branchMap":{},"s":{"0":2,"1":2,"2":2},"f":{},"b":{},"meta":{"lastBranch":0,"lastFunction":0,"lastStatement":3,"seen":{"s:89:53:104:Infinity":0,"s:106:47:115:Infinity":1,"s:117:28:128:Infinity":2}}}
,"C:\\Users\\rimor\\Documents\\GitHub\\BookReader\\src\\utils\\formatters.ts": {"path":"C:\\Users\\rimor\\Documents\\GitHub\\BookReader\\src\\utils\\formatters.ts","statementMap":{"0":{"start":{"line":2,"column":2},"end":{"line":2,"column":null}},"1":{"start":{"line":2,"column":20},"end":{"line":2,"column":null}},"2":{"start":{"line":4,"column":16},"end":{"line":4,"column":null}},"3":{"start":{"line":5,"column":18},"end":{"line":5,"column":null}},"4":{"start":{"line":7,"column":2},"end":{"line":9,"column":null}},"5":{"start":{"line":8,"column":4},"end":{"line":8,"column":null}},"6":{"start":{"line":11,"column":2},"end":{"line":13,"column":null}},"7":{"start":{"line":12,"column":4},"end":{"line":12,"column":null}},"8":{"start":{"line":15,"column":2},"end":{"line":15,"column":null}},"9":{"start":{"line":19,"column":2},"end":{"line":19,"column":null}},"10":{"start":{"line":23,"column":15},"end":{"line":23,"column":null}},"11":{"start":{"line":24,"column":14},"end":{"line":24,"column":null}},"12":{"start":{"line":25,"column":15},"end":{"line":25,"column":null}},"13":{"start":{"line":27,"column":18},"end":{"line":27,"column":null}},"14":{"start":{"line":28,"column":18},"end":{"line":28,"column":null}},"15":{"start":{"line":29,"column":16},"end":{"line":29,"column":null}},"16":{"start":{"line":30,"column":15},"end":{"line":30,"column":null}},"17":{"start":{"line":32,"column":2},"end":{"line":38,"column":null}},"18":{"start":{"line":33,"column":4},"end":{"line":37,"column":null}},"19":{"start":{"line":40,"column":2},"end":{"line":42,"column":null}},"20":{"start":{"line":41,"column":4},"end":{"line":41,"column":null}},"21":{"start":{"line":44,"column":2},"end":{"line":46,"column":null}},"22":{"start":{"line":45,"column":4},"end":{"line":45,"column":null}},"23":{"start":{"line":48,"column":2},"end":{"line":50,"column":null}},"24":{"start":{"line":49,"column":4},"end":{"line":49,"column":null}},"25":{"start":{"line":52,"column":2},"end":{"line":52,"column":null}},"26":{"start":{"line":60,"column":2},"end":{"line":60,"column":null}},"27":{"start":{"line":60,"column":62},"end":{"line":60,"column":null}},"28":{"start":{"line":62,"column":25},"end":{"line":62,"column":null}},"29":{"start":{"line":63,"column":27},"end":{"line":63,"column":null}},"30":{"start":{"line":65,"column":2},"end":{"line":65,"column":null}},"31":{"start":{"line":69,"column":2},"end":{"line":69,"column":null}},"32":{"start":{"line":69,"column":32},"end":{"line":69,"column":null}},"33":{"start":{"line":70,"column":2},"end":{"line":70,"column":null}},"34":{"start":{"line":74,"column":2},"end":{"line":74,"column":null}},"35":{"start":{"line":78,"column":20},"end":{"line":78,"column":null}},"36":{"start":{"line":79,"column":8},"end":{"line":79,"column":null}},"37":{"start":{"line":80,"column":2},"end":{"line":80,"column":null}},"38":{"start":{"line":88,"column":17},"end":{"line":88,"column":null}},"39":{"start":{"line":89,"column":2},"end":{"line":89,"column":null}},"40":{"start":{"line":90,"column":2},"end":{"line":95,"column":null}},"41":{"start":{"line":97,"column":2},"end":{"line":109,"column":null}},"42":{"start":{"line":98,"column":4},"end":{"line":98,"column":null}},"43":{"start":{"line":99,"column":4},"end":{"line":108,"column":null}},"44":{"start":{"line":100,"column":6},"end":{"line":100,"column":null}},"45":{"start":{"line":101,"column":6},"end":{"line":103,"column":null}},"46":{"start":{"line":102,"column":8},"end":{"line":102,"column":null}},"47":{"start":{"line":104,"column":6},"end":{"line":106,"column":null}},"48":{"start":{"line":105,"column":8},"end":{"line":105,"column":null}},"49":{"start":{"line":107,"column":6},"end":{"line":107,"column":null}},"50":{"start":{"line":111,"column":2},"end":{"line":111,"column":null}}},"fnMap":{"0":{"name":"formatReadingTime","decl":{"start":{"line":1,"column":16},"end":{"line":1,"column":34}},"loc":{"start":{"line":1,"column":59},"end":{"line":16,"column":null}},"line":1},"1":{"name":"formatProgress","decl":{"start":{"line":18,"column":16},"end":{"line":18,"column":31}},"loc":{"start":{"line":18,"column":57},"end":{"line":20,"column":null}},"line":18},"2":{"name":"formatDate","decl":{"start":{"line":22,"column":16},"end":{"line":22,"column":27}},"loc":{"start":{"line":22,"column":54},"end":{"line":53,"column":null}},"line":22},"3":{"name":"formatTimeRemaining","decl":{"start":{"line":55,"column":16},"end":{"line":55,"column":null}},"loc":{"start":{"line":59,"column":10},"end":{"line":66,"column":null}},"line":59},"4":{"name":"truncateText","decl":{"start":{"line":68,"column":16},"end":{"line":68,"column":29}},"loc":{"start":{"line":68,"column":70},"end":{"line":71,"column":null}},"line":68},"5":{"name":"sanitizeFilename","decl":{"start":{"line":73,"column":16},"end":{"line":73,"column":33}},"loc":{"start":{"line":73,"column":59},"end":{"line":75,"column":null}},"line":73},"6":{"name":"generateExportFilename","decl":{"start":{"line":77,"column":16},"end":{"line":77,"column":39}},"loc":{"start":{"line":77,"column":95},"end":{"line":81,"column":null}},"line":77},"7":{"name":"formatBookmarksAsMarkdown","decl":{"start":{"line":83,"column":16},"end":{"line":83,"column":null}},"loc":{"start":{"line":87,"column":10},"end":{"line":112,"column":null}},"line":87},"8":{"name":"(anonymous_8)","decl":{"start":{"line":99,"column":22},"end":{"line":99,"column":23}},"loc":{"start":{"line":99,"column":32},"end":{"line":108,"column":5}},"line":99}},"branchMap":{"0":{"loc":{"start":{"line":2,"column":2},"end":{"line":2,"column":null}},"type":"if","locations":[{"start":{"line":2,"column":2},"end":{"line":2,"column":null}},{"start":{},"end":{}}],"line":2},"1":{"loc":{"start":{"line":7,"column":2},"end":{"line":9,"column":null}},"type":"if","locations":[{"start":{"line":7,"column":2},"end":{"line":9,"column":null}},{"start":{},"end":{}}],"line":7},"2":{"loc":{"start":{"line":11,"column":2},"end":{"line":13,"column":null}},"type":"if","locations":[{"start":{"line":11,"column":2},"end":{"line":13,"column":null}},{"start":{},"end":{}}],"line":11},"3":{"loc":{"start":{"line":32,"column":2},"end":{"line":38,"column":null}},"type":"if","locations":[{"start":{"line":32,"column":2},"end":{"line":38,"column":null}},{"start":{},"end":{}}],"line":32},"4":{"loc":{"start":{"line":36,"column":12},"end":{"line":36,"column":null}},"type":"cond-expr","locations":[{"start":{"line":36,"column":55},"end":{"line":36,"column":67}},{"start":{"line":36,"column":67},"end":{"line":36,"column":null}}],"line":36},"5":{"loc":{"start":{"line":40,"column":2},"end":{"line":42,"column":null}},"type":"if","locations":[{"start":{"line":40,"column":2},"end":{"line":42,"column":null}},{"start":{},"end":{}}],"line":40},"6":{"loc":{"start":{"line":41,"column":11},"end":{"line":41,"column":null}},"type":"cond-expr","locations":[{"start":{"line":41,"column":24},"end":{"line":41,"column":38}},{"start":{"line":41,"column":38},"end":{"line":41,"column":null}}],"line":41},"7":{"loc":{"start":{"line":44,"column":2},"end":{"line":46,"column":null}},"type":"if","locations":[{"start":{"line":44,"column":2},"end":{"line":46,"column":null}},{"start":{},"end":{}}],"line":44},"8":{"loc":{"start":{"line":45,"column":11},"end":{"line":45,"column":null}},"type":"cond-expr","locations":[{"start":{"line":45,"column":25},"end":{"line":45,"column":40}},{"start":{"line":45,"column":40},"end":{"line":45,"column":null}}],"line":45},"9":{"loc":{"start":{"line":48,"column":2},"end":{"line":50,"column":null}},"type":"if","locations":[{"start":{"line":48,"column":2},"end":{"line":50,"column":null}},{"start":{},"end":{}}],"line":48},"10":{"loc":{"start":{"line":49,"column":11},"end":{"line":49,"column":null}},"type":"cond-expr","locations":[{"start":{"line":49,"column":27},"end":{"line":49,"column":44}},{"start":{"line":49,"column":44},"end":{"line":49,"column":null}}],"line":49},"11":{"loc":{"start":{"line":60,"column":2},"end":{"line":60,"column":null}},"type":"if","locations":[{"start":{"line":60,"column":2},"end":{"line":60,"column":null}},{"start":{},"end":{}}],"line":60},"12":{"loc":{"start":{"line":60,"column":6},"end":{"line":60,"column":62}},"type":"binary-expr","locations":[{"start":{"line":60,"column":6},"end":{"line":60,"column":32}},{"start":{"line":60,"column":32},"end":{"line":60,"column":62}}],"line":60},"13":{"loc":{"start":{"line":69,"column":2},"end":{"line":69,"column":null}},"type":"if","locations":[{"start":{"line":69,"column":2},"end":{"line":69,"column":null}},{"start":{},"end":{}}],"line":69},"14":{"loc":{"start":{"line":97,"column":2},"end":{"line":109,"column":null}},"type":"if","locations":[{"start":{"line":97,"column":2},"end":{"line":109,"column":null}},{"start":{},"end":{}}],"line":97},"15":{"loc":{"start":{"line":101,"column":6},"end":{"line":103,"column":null}},"type":"if","locations":[{"start":{"line":101,"column":6},"end":{"line":103,"column":null}},{"start":{},"end":{}}],"line":101},"16":{"loc":{"start":{"line":104,"column":6},"end":{"line":106,"column":null}},"type":"if","locations":[{"start":{"line":104,"column":6},"end":{"line":106,"column":null}},{"start":{},"end":{}}],"line":104}},"s":{"0":15,"1":4,"2":11,"3":11,"4":11,"5":4,"6":7,"7":3,"8":4,"9":8,"10":11,"11":11,"12":11,"13":11,"14":11,"15":11,"16":11,"17":11,"18":1,"19":10,"20":3,"21":7,"22":2,"23":5,"24":2,"25":3,"26":5,"27":3,"28":2,"29":2,"30":2,"31":7,"32":4,"33":3,"34":11,"35":3,"36":3,"37":3,"38":4,"39":4,"40":4,"41":4,"42":2,"43":2,"44":2,"45":2,"46":1,"47":2,"48":2,"49":2,"50":4},"f":{"0":15,"1":8,"2":11,"3":5,"4":7,"5":11,"6":3,"7":4,"8":2},"b":{"0":[4,11],"1":[4,7],"2":[3,4],"3":[1,10],"4":[0,1],"5":[3,7],"6":[1,2],"7":[2,5],"8":[1,1],"9":[2,3],"10":[1,1],"11":[3,2],"12":[5,3],"13":[4,3],"14":[2,2],"15":[1,1],"16":[2,0]},"meta":{"lastBranch":17,"lastFunction":9,"lastStatement":51,"seen":{"f:1:16:1:34":0,"b:2:2:2:Infinity:undefined:undefined:undefined:undefined":0,"s:2:2:2:Infinity":0,"s:2:20:2:Infinity":1,"s:4:16:4:Infinity":2,"s:5:18:5:Infinity":3,"b:7:2:9:Infinity:undefined:undefined:undefined:undefined":1,"s:7:2:9:Infinity":4,"s:8:4:8:Infinity":5,"b:11:2:13:Infinity:undefined:undefined:undefined:undefined":2,"s:11:2:13:Infinity":6,"s:12:4:12:Infinity":7,"s:15:2:15:Infinity":8,"f:18:16:18:31":1,"s:19:2:19:Infinity":9,"f:22:16:22:27":2,"s:23:15:23:Infinity":10,"s:24:14:24:Infinity":11,"s:25:15:25:Infinity":12,"s:27:18:27:Infinity":13,"s:28:18:28:Infinity":14,"s:29:16:29:Infinity":15,"s:30:15:30:Infinity":16,"b:32:2:38:Infinity:undefined:undefined:undefined:undefined":3,"s:32:2:38:Infinity":17,"s:33:4:37:Infinity":18,"b:36:55:36:67:36:67:36:Infinity":4,"b:40:2:42:Infinity:undefined:undefined:undefined:undefined":5,"s:40:2:42:Infinity":19,"s:41:4:41:Infinity":20,"b:41:24:41:38:41:38:41:Infinity":6,"b:44:2:46:Infinity:undefined:undefined:undefined:undefined":7,"s:44:2:46:Infinity":21,"s:45:4:45:Infinity":22,"b:45:25:45:40:45:40:45:Infinity":8,"b:48:2:50:Infinity:undefined:undefined:undefined:undefined":9,"s:48:2:50:Infinity":23,"s:49:4:49:Infinity":24,"b:49:27:49:44:49:44:49:Infinity":10,"s:52:2:52:Infinity":25,"f:55:16:55:Infinity":3,"b:60:2:60:Infinity:undefined:undefined:undefined:undefined":11,"s:60:2:60:Infinity":26,"b:60:6:60:32:60:32:60:62":12,"s:60:62:60:Infinity":27,"s:62:25:62:Infinity":28,"s:63:27:63:Infinity":29,"s:65:2:65:Infinity":30,"f:68:16:68:29":4,"b:69:2:69:Infinity:undefined:undefined:undefined:undefined":13,"s:69:2:69:Infinity":31,"s:69:32:69:Infinity":32,"s:70:2:70:Infinity":33,"f:73:16:73:33":5,"s:74:2:74:Infinity":34,"f:77:16:77:39":6,"s:78:20:78:Infinity":35,"s:79:8:79:Infinity":36,"s:80:2:80:Infinity":37,"f:83:16:83:Infinity":7,"s:88:17:88:Infinity":38,"s:89:2:89:Infinity":39,"s:90:2:95:Infinity":40,"b:97:2:109:Infinity:undefined:undefined:undefined:undefined":14,"s:97:2:109:Infinity":41,"s:98:4:98:Infinity":42,"s:99:4:108:Infinity":43,"f:99:22:99:23":8,"s:100:6:100:Infinity":44,"b:101:6:103:Infinity:undefined:undefined:undefined:undefined":15,"s:101:6:103:Infinity":45,"s:102:8:102:Infinity":46,"b:104:6:106:Infinity:undefined:undefined:undefined:undefined":16,"s:104:6:106:Infinity":47,"s:105:8:105:Infinity":48,"s:107:6:107:Infinity":49,"s:111:2:111:Infinity":50}}}
}
